E:\PROGRAMMING PROJECTS\UNIVERSITY TIME TABLE MANAGER\GITHUB\UNI-TIMETABLE-MANAGER\UNIVERSITY TIMETABLE MANAGER\DEBUG\COURSE.OBJ
E:\PROGRAMMING PROJECTS\UNIVERSITY TIME TABLE MANAGER\GITHUB\UNI-TIMETABLE-MANAGER\UNIVERSITY TIMETABLE MANAGER\DEBUG\FUNCTIONS.OBJ
E:\PROGRAMMING PROJECTS\UNIVERSITY TIME TABLE MANAGER\GITHUB\UNI-TIMETABLE-MANAGER\UNIVERSITY TIMETABLE MANAGER\DEBUG\VC110.PDB
E:\PROGRAMMING PROJECTS\UNIVERSITY TIME TABLE MANAGER\GITHUB\UNI-TIMETABLE-MANAGER\UNIVERSITY TIMETABLE MANAGER\DEBUG\MAIN.OBJ
E:\PROGRAMMING PROJECTS\UNIVERSITY TIME TABLE MANAGER\GITHUB\UNI-TIMETABLE-MANAGER\DEBUG\UNIVERSITY TIMETABLE MANAGER.ILK
E:\PROGRAMMING PROJECTS\UNIVERSITY TIME TABLE MANAGER\GITHUB\UNI-TIMETABLE-MANAGER\DEBUG\UNIVERSITY TIMETABLE MANAGER.EXE
E:\PROGRAMMING PROJECTS\UNIVERSITY TIME TABLE MANAGER\GITHUB\UNI-TIMETABLE-MANAGER\DEBUG\UNIVERSITY TIMETABLE MANAGER.PDB
E:\Programming Projects\University time table manager\Github\Uni-timetable-manager\University Timetable manager\Debug\Course.obj
E:\Programming Projects\University time table manager\Github\Uni-timetable-manager\University Timetable manager\Debug\Functions.obj
E:\Programming Projects\University time table manager\Github\Uni-timetable-manager\University Timetable manager\Debug\cl.command.1.tlog
E:\Programming Projects\University time table manager\Github\Uni-timetable-manager\University Timetable manager\Debug\CL.read.1.tlog
E:\Programming Projects\University time table manager\Github\Uni-timetable-manager\University Timetable manager\Debug\CL.write.1.tlog
E:\Programming Projects\University time table manager\Github\Uni-timetable-manager\University Timetable manager\Debug\link-cvtres.read.1.tlog
E:\Programming Projects\University time table manager\Github\Uni-timetable-manager\University Timetable manager\Debug\link-cvtres.write.1.tlog
E:\Programming Projects\University time table manager\Github\Uni-timetable-manager\University Timetable manager\Debug\link-rc.read.1.tlog
E:\Programming Projects\University time table manager\Github\Uni-timetable-manager\University Timetable manager\Debug\link-rc.write.1.tlog
E:\Programming Projects\University time table manager\Github\Uni-timetable-manager\University Timetable manager\Debug\link.10480-cvtres.read.1.tlog
E:\Programming Projects\University time table manager\Github\Uni-timetable-manager\University Timetable manager\Debug\link.10480-cvtres.write.1.tlog
E:\Programming Projects\University time table manager\Github\Uni-timetable-manager\University Timetable manager\Debug\link.10480-rc.read.1.tlog
E:\Programming Projects\University time table manager\Github\Uni-timetable-manager\University Timetable manager\Debug\link.10480-rc.write.1.tlog
E:\Programming Projects\University time table manager\Github\Uni-timetable-manager\University Timetable manager\Debug\link.10480.read.1.tlog
E:\Programming Projects\University time table manager\Github\Uni-timetable-manager\University Timetable manager\Debug\link.10480.write.1.tlog
E:\Programming Projects\University time table manager\Github\Uni-timetable-manager\University Timetable manager\Debug\link.10704-cvtres.read.1.tlog
E:\Programming Projects\University time table manager\Github\Uni-timetable-manager\University Timetable manager\Debug\link.10704-cvtres.write.1.tlog
E:\Programming Projects\University time table manager\Github\Uni-timetable-manager\University Timetable manager\Debug\link.10704-rc.read.1.tlog
E:\Programming Projects\University time table manager\Github\Uni-timetable-manager\University Timetable manager\Debug\link.10704-rc.write.1.tlog
E:\Programming Projects\University time table manager\Github\Uni-timetable-manager\University Timetable manager\Debug\link.10704.read.1.tlog
E:\Programming Projects\University time table manager\Github\Uni-timetable-manager\University Timetable manager\Debug\link.10704.write.1.tlog
E:\Programming Projects\University time table manager\Github\Uni-timetable-manager\University Timetable manager\Debug\link.13660-cvtres.read.1.tlog
E:\Programming Projects\University time table manager\Github\Uni-timetable-manager\University Timetable manager\Debug\link.13660-cvtres.write.1.tlog
E:\Programming Projects\University time table manager\Github\Uni-timetable-manager\University Timetable manager\Debug\link.13660-rc.read.1.tlog
E:\Programming Projects\University time table manager\Github\Uni-timetable-manager\University Timetable manager\Debug\link.13660-rc.write.1.tlog
E:\Programming Projects\University time table manager\Github\Uni-timetable-manager\University Timetable manager\Debug\link.13660.read.1.tlog
E:\Programming Projects\University time table manager\Github\Uni-timetable-manager\University Timetable manager\Debug\link.13660.write.1.tlog
E:\Programming Projects\University time table manager\Github\Uni-timetable-manager\University Timetable manager\Debug\link.4988-cvtres.read.1.tlog
E:\Programming Projects\University time table manager\Github\Uni-timetable-manager\University Timetable manager\Debug\link.4988-cvtres.write.1.tlog
E:\Programming Projects\University time table manager\Github\Uni-timetable-manager\University Timetable manager\Debug\link.4988-rc.read.1.tlog
E:\Programming Projects\University time table manager\Github\Uni-timetable-manager\University Timetable manager\Debug\link.4988-rc.write.1.tlog
E:\Programming Projects\University time table manager\Github\Uni-timetable-manager\University Timetable manager\Debug\link.4988.read.1.tlog
E:\Programming Projects\University time table manager\Github\Uni-timetable-manager\University Timetable manager\Debug\link.4988.write.1.tlog
E:\Programming Projects\University time table manager\Github\Uni-timetable-manager\University Timetable manager\Debug\link.6732-cvtres.read.1.tlog
E:\Programming Projects\University time table manager\Github\Uni-timetable-manager\University Timetable manager\Debug\link.6732-cvtres.write.1.tlog
E:\Programming Projects\University time table manager\Github\Uni-timetable-manager\University Timetable manager\Debug\link.6732-rc.read.1.tlog
E:\Programming Projects\University time table manager\Github\Uni-timetable-manager\University Timetable manager\Debug\link.6732-rc.write.1.tlog
E:\Programming Projects\University time table manager\Github\Uni-timetable-manager\University Timetable manager\Debug\link.6732.read.1.tlog
E:\Programming Projects\University time table manager\Github\Uni-timetable-manager\University Timetable manager\Debug\link.6732.write.1.tlog
E:\Programming Projects\University time table manager\Github\Uni-timetable-manager\University Timetable manager\Debug\link.7880-cvtres.read.1.tlog
E:\Programming Projects\University time table manager\Github\Uni-timetable-manager\University Timetable manager\Debug\link.7880-cvtres.write.1.tlog
E:\Programming Projects\University time table manager\Github\Uni-timetable-manager\University Timetable manager\Debug\link.7880-rc.read.1.tlog
E:\Programming Projects\University time table manager\Github\Uni-timetable-manager\University Timetable manager\Debug\link.7880-rc.write.1.tlog
E:\Programming Projects\University time table manager\Github\Uni-timetable-manager\University Timetable manager\Debug\link.7880.read.1.tlog
E:\Programming Projects\University time table manager\Github\Uni-timetable-manager\University Timetable manager\Debug\link.7880.write.1.tlog
E:\Programming Projects\University time table manager\Github\Uni-timetable-manager\University Timetable manager\Debug\link.8124-cvtres.read.1.tlog
E:\Programming Projects\University time table manager\Github\Uni-timetable-manager\University Timetable manager\Debug\link.8124-cvtres.write.1.tlog
E:\Programming Projects\University time table manager\Github\Uni-timetable-manager\University Timetable manager\Debug\link.8124-rc.read.1.tlog
E:\Programming Projects\University time table manager\Github\Uni-timetable-manager\University Timetable manager\Debug\link.8124-rc.write.1.tlog
E:\Programming Projects\University time table manager\Github\Uni-timetable-manager\University Timetable manager\Debug\link.8124.read.1.tlog
E:\Programming Projects\University time table manager\Github\Uni-timetable-manager\University Timetable manager\Debug\link.8124.write.1.tlog
E:\Programming Projects\University time table manager\Github\Uni-timetable-manager\University Timetable manager\Debug\link.8884-cvtres.read.1.tlog
E:\Programming Projects\University time table manager\Github\Uni-timetable-manager\University Timetable manager\Debug\link.8884-cvtres.write.1.tlog
E:\Programming Projects\University time table manager\Github\Uni-timetable-manager\University Timetable manager\Debug\link.8884-rc.read.1.tlog
E:\Programming Projects\University time table manager\Github\Uni-timetable-manager\University Timetable manager\Debug\link.8884-rc.write.1.tlog
E:\Programming Projects\University time table manager\Github\Uni-timetable-manager\University Timetable manager\Debug\link.8884.read.1.tlog
E:\Programming Projects\University time table manager\Github\Uni-timetable-manager\University Timetable manager\Debug\link.8884.write.1.tlog
E:\Programming Projects\University time table manager\Github\Uni-timetable-manager\University Timetable manager\Debug\link.9312-cvtres.read.1.tlog
E:\Programming Projects\University time table manager\Github\Uni-timetable-manager\University Timetable manager\Debug\link.9312-cvtres.write.1.tlog
E:\Programming Projects\University time table manager\Github\Uni-timetable-manager\University Timetable manager\Debug\link.9312-rc.read.1.tlog
E:\Programming Projects\University time table manager\Github\Uni-timetable-manager\University Timetable manager\Debug\link.9312-rc.write.1.tlog
E:\Programming Projects\University time table manager\Github\Uni-timetable-manager\University Timetable manager\Debug\link.9312.read.1.tlog
E:\Programming Projects\University time table manager\Github\Uni-timetable-manager\University Timetable manager\Debug\link.9312.write.1.tlog
E:\Programming Projects\University time table manager\Github\Uni-timetable-manager\University Timetable manager\Debug\link.968-cvtres.read.1.tlog
E:\Programming Projects\University time table manager\Github\Uni-timetable-manager\University Timetable manager\Debug\link.968-cvtres.write.1.tlog
E:\Programming Projects\University time table manager\Github\Uni-timetable-manager\University Timetable manager\Debug\link.968-rc.read.1.tlog
E:\Programming Projects\University time table manager\Github\Uni-timetable-manager\University Timetable manager\Debug\link.968-rc.write.1.tlog
E:\Programming Projects\University time table manager\Github\Uni-timetable-manager\University Timetable manager\Debug\link.968.read.1.tlog
E:\Programming Projects\University time table manager\Github\Uni-timetable-manager\University Timetable manager\Debug\link.968.write.1.tlog
E:\Programming Projects\University time table manager\Github\Uni-timetable-manager\University Timetable manager\Debug\link.command.1.tlog
E:\Programming Projects\University time table manager\Github\Uni-timetable-manager\University Timetable manager\Debug\link.read.1.tlog
E:\Programming Projects\University time table manager\Github\Uni-timetable-manager\University Timetable manager\Debug\link.write.1.tlog
E:\Programming Projects\University time table manager\Github\Uni-timetable-manager\University Timetable manager\Debug\vc110.idb
E:\Programming Projects\University time table manager\Github\Uni-timetable-manager\University Timetable manager\Debug\vc110.pdb
E:\Programming Projects\University time table manager\Github\Uni-timetable-manager\Debug\University Timetable manager.pdb
E:\Programming Projects\University time table manager\Github\Uni-timetable-manager\Debug\University Timetable manager.exe
E:\Programming Projects\University time table manager\Github\Uni-timetable-manager\Debug\University Timetable manager.ilk
